[0620/161747.173:ERROR:process_reader_win.cc(188)] ResumeThread: 매개 변수가 틀립니다. (0x57)
[0620/161747.178:ERROR:process_reader_win.cc(151)] SuspendThread: 액세스가 거부되었습니다. (0x5)
[0620/161747.178:ERROR:process_reader_win.cc(151)] SuspendThread: 액세스가 거부되었습니다. (0x5)
[0620/161747.178:ERROR:process_reader_win.cc(151)] SuspendThread: 액세스가 거부되었습니다. (0x5)
[0620/161747.178:ERROR:process_reader_win.cc(151)] SuspendThread: 액세스가 거부되었습니다. (0x5)
[0620/161747.178:ERROR:process_reader_win.cc(151)] SuspendThread: 액세스가 거부되었습니다. (0x5)
[0620/161747.179:ERROR:process_reader_win.cc(151)] SuspendThread: 액세스가 거부되었습니다. (0x5)
[0620/161747.179:ERROR:process_reader_win.cc(151)] SuspendThread: 액세스가 거부되었습니다. (0x5)
[0620/161747.179:ERROR:process_reader_win.cc(151)] SuspendThread: 액세스가 거부되었습니다. (0x5)
[0620/161747.179:ERROR:process_reader_win.cc(151)] SuspendThread: 액세스가 거부되었습니다. (0x5)
[0620/161747.179:ERROR:process_reader_win.cc(151)] SuspendThread: 액세스가 거부되었습니다. (0x5)
[0620/161747.179:ERROR:process_reader_win.cc(151)] SuspendThread: 액세스가 거부되었습니다. (0x5)
[0620/161747.179:ERROR:process_reader_win.cc(151)] SuspendThread: 액세스가 거부되었습니다. (0x5)
[0620/161747.302:ERROR:process_memory_win.cc(73)] ReadMemory at 0x7ff7cfa80000 of 64 bytes failed: ReadProcessMemory 또는 WriteProcessMemory의 일부 작업만을 마쳤습니다. (0x12B)
[0620/161747.302:WARNING:pe_image_reader.cc(340)] could not read dos header from C:\Program Files (x86)\Google\Chrome\Application\chrome.exe
[0620/161747.303:ERROR:process_memory_win.cc(73)] ReadMemory at 0x7ffe2c4e0000 of 64 bytes failed: ReadProcessMemory 또는 WriteProcessMemory의 일부 작업만을 마쳤습니다. (0x12B)
[0620/161747.303:WARNING:pe_image_reader.cc(340)] could not read dos header from C:\WINDOWS\SYSTEM32\ntdll.dll
[0620/161747.303:ERROR:process_memory_win.cc(73)] ReadMemory at 0x7ffe2ad50000 of 64 bytes failed: ReadProcessMemory 또는 WriteProcessMemory의 일부 작업만을 마쳤습니다. (0x12B)
[0620/161747.303:WARNING:pe_image_reader.cc(340)] could not read dos header from C:\WINDOWS\System32\KERNEL32.DLL
[0620/161747.303:ERROR:process_memory_win.cc(73)] ReadMemory at 0x7ffe29c70000 of 64 bytes failed: ReadProcessMemory 또는 WriteProcessMemory의 일부 작업만을 마쳤습니다. (0x12B)
[0620/161747.303:WARNING:pe_image_reader.cc(340)] could not read dos header from C:\WINDOWS\System32\KERNELBASE.dll
[0620/161747.304:ERROR:process_memory_win.cc(73)] ReadMemory at 0x7ffe10800000 of 64 bytes failed: ReadProcessMemory 또는 WriteProcessMemory의 일부 작업만을 마쳤습니다. (0x12B)
[0620/161747.304:WARNING:pe_image_reader.cc(340)] could not read dos header from C:\Program Files (x86)\Google\Chrome\Application\83.0.4103.106\chrome_elf.dll
[0620/161747.304:ERROR:process_memory_win.cc(73)] ReadMemory at 0x7ffe1a150000 of 64 bytes failed: ReadProcessMemory 또는 WriteProcessMemory의 일부 작업만을 마쳤습니다. (0x12B)
[0620/161747.304:WARNING:pe_image_reader.cc(340)] could not read dos header from C:\WINDOWS\SYSTEM32\VERSION.dll
[0620/161747.304:ERROR:process_memory_win.cc(73)] ReadMemory at 0x7ffe2b4c0000 of 64 bytes failed: ReadProcessMemory 또는 WriteProcessMemory의 일부 작업만을 마쳤습니다. (0x12B)
[0620/161747.304:WARNING:pe_image_reader.cc(340)] could not read dos header from C:\WINDOWS\System32\msvcrt.dll
[0620/161747.304:ERROR:process_memory_win.cc(73)] ReadMemory at 0x7ffe2a510000 of 64 bytes failed: ReadProcessMemory 또는 WriteProcessMemory의 일부 작업만을 마쳤습니다. (0x12B)
[0620/161747.304:WARNING:pe_image_reader.cc(340)] could not read dos header from C:\WINDOWS\System32\bcryptPrimitives.dll
[0620/161747.304:ERROR:process_memory_win.cc(73)] ReadMemory at 0x7ffe2b410000 of 64 bytes failed: ReadProcessMemory 또는 WriteProcessMemory의 일부 작업만을 마쳤습니다. (0x12B)
[0620/161747.304:WARNING:pe_image_reader.cc(340)] could not read dos header from C:\WINDOWS\System32\ADVAPI32.dll
[0620/161747.305:ERROR:process_memory_win.cc(73)] ReadMemory at 0x7ffe2a890000 of 64 bytes failed: ReadProcessMemory 또는 WriteProcessMemory의 일부 작업만을 마쳤습니다. (0x12B)
[0620/161747.305:WARNING:pe_image_reader.cc(340)] could not read dos header from C:\WINDOWS\System32\sechost.dll
[0620/161747.305:ERROR:process_memory_win.cc(73)] ReadMemory at 0x7ffe2a640000 of 64 bytes failed: ReadProcessMemory 또는 WriteProcessMemory의 일부 작업만을 마쳤습니다. (0x12B)
[0620/161747.306:WARNING:pe_image_reader.cc(340)] could not read dos header from C:\WINDOWS\System32\RPCRT4.dll
[0620/161747.306:ERROR:process_memory_win.cc(73)] ReadMemory at 0x7ffdce830000 of 64 bytes failed: ReadProcessMemory 또는 WriteProcessMemory의 일부 작업만을 마쳤습니다. (0x12B)
[0620/161747.306:WARNING:pe_image_reader.cc(340)] could not read dos header from C:\Program Files (x86)\Google\Chrome\Application\83.0.4103.106\chrome.dll
[0620/161747.306:ERROR:process_memory_win.cc(73)] ReadMemory at 0x7ffe2c400000 of 64 bytes failed: ReadProcessMemory 또는 WriteProcessMemory의 일부 작업만을 마쳤습니다. (0x12B)
[0620/161747.306:WARNING:pe_image_reader.cc(340)] could not read dos header from C:\WINDOWS\System32\WS2_32.dll
[0620/161747.306:ERROR:process_memory_win.cc(73)] ReadMemory at 0x7ffe2ba20000 of 64 bytes failed: ReadProcessMemory 또는 WriteProcessMemory의 일부 작업만을 마쳤습니다. (0x12B)
[0620/161747.306:WARNING:pe_image_reader.cc(340)] could not read dos header from C:\WINDOWS\System32\OLEAUT32.dll
[0620/161747.307:ERROR:process_memory_win.cc(73)] ReadMemory at 0x7ffe29f40000 of 64 bytes failed: ReadProcessMemory 또는 WriteProcessMemory의 일부 작업만을 마쳤습니다. (0x12B)
[0620/161747.307:WARNING:pe_image_reader.cc(340)] could not read dos header from C:\WINDOWS\System32\msvcp_win.dll
[0620/161747.307:ERROR:process_memory_win.cc(73)] ReadMemory at 0x7ffe2a1e0000 of 64 bytes failed: ReadProcessMemory 또는 WriteProcessMemory의 일부 작업만을 마쳤습니다. (0x12B)
[0620/161747.307:WARNING:pe_image_reader.cc(340)] could not read dos header from C:\WINDOWS\System32\ucrtbase.dll
[0620/161747.307:ERROR:process_memory_win.cc(73)] ReadMemory at 0x7ffe2a930000 of 64 bytes failed: ReadProcessMemory 또는 WriteProcessMemory의 일부 작업만을 마쳤습니다. (0x12B)
[0620/161747.307:WARNING:pe_image_reader.cc(340)] could not read dos header from C:\WINDOWS\System32\combase.dll
[0620/161747.307:ERROR:process_memory_win.cc(73)] ReadMemory at 0x7ffe29fe0000 of 64 bytes failed: ReadProcessMemory 또는 WriteProcessMemory의 일부 작업만을 마쳤습니다. (0x12B)
[0620/161747.307:WARNING:pe_image_reader.cc(340)] could not read dos header from C:\WINDOWS\System32\WINTRUST.dll
[0620/161747.307:ERROR:process_memory_win.cc(73)] ReadMemory at 0x7ffe29450000 of 64 bytes failed: ReadProcessMemory 또는 WriteProcessMemory의 일부 작업만을 마쳤습니다. (0x12B)
[0620/161747.307:WARNING:pe_image_reader.cc(340)] could not read dos header from C:\WINDOWS\System32\MSASN1.dll
[0620/161747.308:ERROR:process_memory_win.cc(73)] ReadMemory at 0x7ffe2a2e0000 of 64 bytes failed: ReadProcessMemory 또는 WriteProcessMemory의 일부 작업만을 마쳤습니다. (0x12B)
[0620/161747.308:WARNING:pe_image_reader.cc(340)] could not read dos header from C:\WINDOWS\System32\CRYPT32.dll
[0620/161747.308:ERROR:process_memory_win.cc(73)] ReadMemory at 0x7ffe288c0000 of 64 bytes failed: ReadProcessMemory 또는 WriteProcessMemory의 일부 작업만을 마쳤습니다. (0x12B)
[0620/161747.308:WARNING:pe_image_reader.cc(340)] could not read dos header from C:\WINDOWS\SYSTEM32\IPHLPAPI.DLL
[0620/161747.309:ERROR:process_memory_win.cc(73)] ReadMemory at 0x7ffe21850000 of 64 bytes failed: ReadProcessMemory 또는 WriteProcessMemory의 일부 작업만을 마쳤습니다. (0x12B)
[0620/161747.309:WARNING:pe_image_reader.cc(340)] could not read dos header from C:\WINDOWS\SYSTEM32\WINMM.dll
[0620/161747.309:ERROR:process_memory_win.cc(73)] ReadMemory at 0x7ffe16830000 of 64 bytes failed: ReadProcessMemory 또는 WriteProcessMemory의 일부 작업만을 마쳤습니다. (0x12B)
[0620/161747.309:WARNING:pe_image_reader.cc(340)] could not read dos header from C:\WINDOWS\SYSTEM32\Secur32.dll
[0620/161747.309:ERROR:process_memory_win.cc(73)] ReadMemory at 0x7ffe29290000 of 64 bytes failed: ReadProcessMemory 또는 WriteProcessMemory의 일부 작업만을 마쳤습니다. (0x12B)
[0620/161747.309:WARNING:pe_image_reader.cc(340)] could not read dos header from C:\WINDOWS\SYSTEM32\USERENV.dll
[0620/161747.309:ERROR:process_memory_win.cc(73)] ReadMemory at 0x7ffe293b0000 of 64 bytes failed: ReadProcessMemory 또는 WriteProcessMemory의 일부 작업만을 마쳤습니다. (0x12B)
[0620/161747.310:WARNING:pe_image_reader.cc(340)] could not read dos header from C:\WINDOWS\System32\profapi.dll
[0620/161747.310:ERROR:process_memory_win.cc(73)] ReadMemory at 0x7ffe054a0000 of 64 bytes failed: ReadProcessMemory 또는 WriteProcessMemory의 일부 작업만을 마쳤습니다. (0x12B)
[0620/161747.310:WARNING:pe_image_reader.cc(340)] could not read dos header from C:\WINDOWS\SYSTEM32\UIAutomationCore.DLL
[0620/161747.310:ERROR:process_memory_win.cc(73)] ReadMemory at 0x7ffe0ef00000 of 64 bytes failed: ReadProcessMemory 또는 WriteProcessMemory의 일부 작업만을 마쳤습니다. (0x12B)
[0620/161747.310:WARNING:pe_image_reader.cc(340)] could not read dos header from C:\WINDOWS\SYSTEM32\DWrite.dll
[0620/161747.310:ERROR:process_memory_win.cc(73)] ReadMemory at 0x7ffe0a310000 of 64 bytes failed: ReadProcessMemory 또는 WriteProcessMemory의 일부 작업만을 마쳤습니다. (0x12B)
[0620/161747.310:WARNING:pe_image_reader.cc(340)] could not read dos header from C:\WINDOWS\SYSTEM32\WINSPOOL.DRV
[0620/161747.310:ERROR:process_memory_win.cc(73)] ReadMemory at 0x7ffe293e0000 of 64 bytes failed: ReadProcessMemory 또는 WriteProcessMemory의 일부 작업만을 마쳤습니다. (0x12B)
[0620/161747.310:WARNING:pe_image_reader.cc(340)] could not read dos header from C:\WINDOWS\System32\kernel.appcore.dll
[0620/161747.310:ERROR:process_memory_win.cc(73)] ReadMemory at 0x7ffe29bf0000 of 64 bytes failed: ReadProcessMemory 또는 WriteProcessMemory의 일부 작업만을 마쳤습니다. (0x12B)
[0620/161747.310:WARNING:pe_image_reader.cc(340)] could not read dos header from C:\WINDOWS\System32\bcrypt.dll
[0620/161747.310:ERROR:process_memory_win.cc(73)] ReadMemory at 0x7ffe27d60000 of 64 bytes failed: ReadProcessMemory 또는 WriteProcessMemory의 일부 작업만을 마쳤습니다. (0x12B)
[0620/161747.311:WARNING:pe_image_reader.cc(340)] could not read dos header from C:\WINDOWS\SYSTEM32\dbghelp.dll
[0620/161747.311:ERROR:process_memory_win.cc(73)] ReadMemory at 0x7ffe20860000 of 64 bytes failed: ReadProcessMemory 또는 WriteProcessMemory의 일부 작업만을 마쳤습니다. (0x12B)
[0620/161747.311:WARNING:pe_image_reader.cc(340)] could not read dos header from C:\WINDOWS\SYSTEM32\WINHTTP.dll
[0620/161747.311:ERROR:process_memory_win.cc(73)] ReadMemory at 0x7ffe23a30000 of 64 bytes failed: ReadProcessMemory 또는 WriteProcessMemory의 일부 작업만을 마쳤습니다. (0x12B)
[0620/161747.311:WARNING:pe_image_reader.cc(340)] could not read dos header from C:\WINDOWS\SYSTEM32\dhcpcsvc.DLL
[0620/161747.311:ERROR:process_memory_win.cc(73)] ReadMemory at 0x7ffe2c3f0000 of 64 bytes failed: ReadProcessMemory 또는 WriteProcessMemory의 일부 작업만을 마쳤습니다. (0x12B)
[0620/161747.311:WARNING:pe_image_reader.cc(340)] could not read dos header from C:\WINDOWS\System32\NSI.dll
[0620/161747.311:ERROR:process_memory_win.cc(73)] ReadMemory at 0x7ffe21820000 of 64 bytes failed: ReadProcessMemory 또는 WriteProcessMemory의 일부 작업만을 마쳤습니다. (0x12B)
[0620/161747.311:WARNING:pe_image_reader.cc(340)] could not read dos header from C:\WINDOWS\SYSTEM32\WINMMBASE.dll
[0620/161747.311:ERROR:process_memory_win.cc(73)] ReadMemory at 0x7ffe29c20000 of 64 bytes failed: ReadProcessMemory 또는 WriteProcessMemory의 일부 작업만을 마쳤습니다. (0x12B)
[0620/161747.311:WARNING:pe_image_reader.cc(340)] could not read dos header from C:\WINDOWS\System32\cfgmgr32.dll
[0620/161747.312:ERROR:process_memory_win.cc(73)] ReadMemory at 0x7ffe259c0000 of 64 bytes failed: ReadProcessMemory 또는 WriteProcessMemory의 일부 작업만을 마쳤습니다. (0x12B)
[0620/161747.312:WARNING:pe_image_reader.cc(340)] could not read dos header from C:\WINDOWS\SYSTEM32\PROPSYS.dll
[0620/161747.312:ERROR:process_memory_win.cc(73)] ReadMemory at 0x7ffe2b970000 of 64 bytes failed: ReadProcessMemory 또는 WriteProcessMemory의 일부 작업만을 마쳤습니다. (0x12B)
[0620/161747.312:WARNING:pe_image_reader.cc(340)] could not read dos header from C:\WINDOWS\System32\shcore.dll
[0620/161747.312:ERROR:process_memory_win.cc(73)] ReadMemory at 0x7ffe292c0000 of 64 bytes failed: ReadProcessMemory 또는 WriteProcessMemory의 일부 작업만을 마쳤습니다. (0x12B)
[0620/161747.312:WARNING:pe_image_reader.cc(340)] could not read dos header from C:\WINDOWS\SYSTEM32\SSPICLI.DLL
[0620/161747.312:ERROR:process_memory_win.cc(73)] ReadMemory at 0x7ffe28d80000 of 64 bytes failed: ReadProcessMemory 또는 WriteProcessMemory의 일부 작업만을 마쳤습니다. (0x12B)
[0620/161747.312:WARNING:pe_image_reader.cc(340)] could not read dos header from C:\WINDOWS\SYSTEM32\CRYPTBASE.DLL
[0620/161747.338:ERROR:process_memory_win.cc(73)] ReadMemory at 0x7ff7cfa80000 of 64 bytes failed: ReadProcessMemory 또는 WriteProcessMemory의 일부 작업만을 마쳤습니다. (0x12B)
[0620/161747.338:WARNING:pe_image_reader.cc(340)] could not read dos header from C:\Program Files (x86)\Google\Chrome\Application\chrome.exe
[0620/161747.338:ERROR:process_memory_win.cc(73)] ReadMemory at 0x7ffe2c4e0000 of 64 bytes failed: ReadProcessMemory 또는 WriteProcessMemory의 일부 작업만을 마쳤습니다. (0x12B)
[0620/161747.338:WARNING:pe_image_reader.cc(340)] could not read dos header from C:\WINDOWS\SYSTEM32\ntdll.dll
[0620/161747.338:ERROR:process_memory_win.cc(73)] ReadMemory at 0x7ffe2ad50000 of 64 bytes failed: ReadProcessMemory 또는 WriteProcessMemory의 일부 작업만을 마쳤습니다. (0x12B)
[0620/161747.338:WARNING:pe_image_reader.cc(340)] could not read dos header from C:\WINDOWS\System32\KERNEL32.DLL
[0620/161747.338:ERROR:process_memory_win.cc(73)] ReadMemory at 0x7ffe29c70000 of 64 bytes failed: ReadProcessMemory 또는 WriteProcessMemory의 일부 작업만을 마쳤습니다. (0x12B)
[0620/161747.338:WARNING:pe_image_reader.cc(340)] could not read dos header from C:\WINDOWS\System32\KERNELBASE.dll
[0620/161747.338:ERROR:process_memory_win.cc(73)] ReadMemory at 0x7ffe10800000 of 64 bytes failed: ReadProcessMemory 또는 WriteProcessMemory의 일부 작업만을 마쳤습니다. (0x12B)
[0620/161747.338:WARNING:pe_image_reader.cc(340)] could not read dos header from C:\Program Files (x86)\Google\Chrome\Application\83.0.4103.106\chrome_elf.dll
[0620/161747.338:ERROR:process_memory_win.cc(73)] ReadMemory at 0x7ffe1a150000 of 64 bytes failed: ReadProcessMemory 또는 WriteProcessMemory의 일부 작업만을 마쳤습니다. (0x12B)
[0620/161747.338:WARNING:pe_image_reader.cc(340)] could not read dos header from C:\WINDOWS\SYSTEM32\VERSION.dll
[0620/161747.339:ERROR:process_memory_win.cc(73)] ReadMemory at 0x7ffe2b4c0000 of 64 bytes failed: ReadProcessMemory 또는 WriteProcessMemory의 일부 작업만을 마쳤습니다. (0x12B)
[0620/161747.339:WARNING:pe_image_reader.cc(340)] could not read dos header from C:\WINDOWS\System32\msvcrt.dll
[0620/161747.339:ERROR:process_memory_win.cc(73)] ReadMemory at 0x7ffe2a510000 of 64 bytes failed: ReadProcessMemory 또는 WriteProcessMemory의 일부 작업만을 마쳤습니다. (0x12B)
[0620/161747.339:WARNING:pe_image_reader.cc(340)] could not read dos header from C:\WINDOWS\System32\bcryptPrimitives.dll
[0620/161747.339:ERROR:process_memory_win.cc(73)] ReadMemory at 0x7ffe2b410000 of 64 bytes failed: ReadProcessMemory 또는 WriteProcessMemory의 일부 작업만을 마쳤습니다. (0x12B)
[0620/161747.339:WARNING:pe_image_reader.cc(340)] could not read dos header from C:\WINDOWS\System32\ADVAPI32.dll
[0620/161747.339:ERROR:process_memory_win.cc(73)] ReadMemory at 0x7ffe2a890000 of 64 bytes failed: ReadProcessMemory 또는 WriteProcessMemory의 일부 작업만을 마쳤습니다. (0x12B)
[0620/161747.339:WARNING:pe_image_reader.cc(340)] could not read dos header from C:\WINDOWS\System32\sechost.dll
[0620/161747.339:ERROR:process_memory_win.cc(73)] ReadMemory at 0x7ffe2a640000 of 64 bytes failed: ReadProcessMemory 또는 WriteProcessMemory의 일부 작업만을 마쳤습니다. (0x12B)
[0620/161747.340:WARNING:pe_image_reader.cc(340)] could not read dos header from C:\WINDOWS\System32\RPCRT4.dll
[0620/161747.341:ERROR:process_memory_win.cc(73)] ReadMemory at 0x7ffdce830000 of 64 bytes failed: ReadProcessMemory 또는 WriteProcessMemory의 일부 작업만을 마쳤습니다. (0x12B)
[0620/161747.341:WARNING:pe_image_reader.cc(340)] could not read dos header from C:\Program Files (x86)\Google\Chrome\Application\83.0.4103.106\chrome.dll
[0620/161747.341:ERROR:process_memory_win.cc(73)] ReadMemory at 0x7ffe2c400000 of 64 bytes failed: ReadProcessMemory 또는 WriteProcessMemory의 일부 작업만을 마쳤습니다. (0x12B)
[0620/161747.341:WARNING:pe_image_reader.cc(340)] could not read dos header from C:\WINDOWS\System32\WS2_32.dll
[0620/161747.341:ERROR:process_memory_win.cc(73)] ReadMemory at 0x7ffe2ba20000 of 64 bytes failed: ReadProcessMemory 또는 WriteProcessMemory의 일부 작업만을 마쳤습니다. (0x12B)
[0620/161747.341:WARNING:pe_image_reader.cc(340)] could not read dos header from C:\WINDOWS\System32\OLEAUT32.dll
[0620/161747.342:ERROR:process_memory_win.cc(73)] ReadMemory at 0x7ffe29f40000 of 64 bytes failed: ReadProcessMemory 또는 WriteProcessMemory의 일부 작업만을 마쳤습니다. (0x12B)
[0620/161747.342:WARNING:pe_image_reader.cc(340)] could not read dos header from C:\WINDOWS\System32\msvcp_win.dll
[0620/161747.342:ERROR:process_memory_win.cc(73)] ReadMemory at 0x7ffe2a1e0000 of 64 bytes failed: ReadProcessMemory 또는 WriteProcessMemory의 일부 작업만을 마쳤습니다. (0x12B)
[0620/161747.342:WARNING:pe_image_reader.cc(340)] could not read dos header from C:\WINDOWS\System32\ucrtbase.dll
[0620/161747.342:ERROR:process_memory_win.cc(73)] ReadMemory at 0x7ffe2a930000 of 64 bytes failed: ReadProcessMemory 또는 WriteProcessMemory의 일부 작업만을 마쳤습니다. (0x12B)
[0620/161747.342:WARNING:pe_image_reader.cc(340)] could not read dos header from C:\WINDOWS\System32\combase.dll
[0620/161747.342:ERROR:process_memory_win.cc(73)] ReadMemory at 0x7ffe29fe0000 of 64 bytes failed: ReadProcessMemory 또는 WriteProcessMemory의 일부 작업만을 마쳤습니다. (0x12B)
[0620/161747.342:WARNING:pe_image_reader.cc(340)] could not read dos header from C:\WINDOWS\System32\WINTRUST.dll
[0620/161747.342:ERROR:process_memory_win.cc(73)] ReadMemory at 0x7ffe29450000 of 64 bytes failed: ReadProcessMemory 또는 WriteProcessMemory의 일부 작업만을 마쳤습니다. (0x12B)
[0620/161747.342:WARNING:pe_image_reader.cc(340)] could not read dos header from C:\WINDOWS\System32\MSASN1.dll
[0620/161747.342:ERROR:process_memory_win.cc(73)] ReadMemory at 0x7ffe2a2e0000 of 64 bytes failed: ReadProcessMemory 또는 WriteProcessMemory의 일부 작업만을 마쳤습니다. (0x12B)
[0620/161747.342:WARNING:pe_image_reader.cc(340)] could not read dos header from C:\WINDOWS\System32\CRYPT32.dll
[0620/161747.342:ERROR:process_memory_win.cc(73)] ReadMemory at 0x7ffe288c0000 of 64 bytes failed: ReadProcessMemory 또는 WriteProcessMemory의 일부 작업만을 마쳤습니다. (0x12B)
[0620/161747.342:WARNING:pe_image_reader.cc(340)] could not read dos header from C:\WINDOWS\SYSTEM32\IPHLPAPI.DLL
[0620/161747.343:ERROR:process_memory_win.cc(73)] ReadMemory at 0x7ffe21850000 of 64 bytes failed: ReadProcessMemory 또는 WriteProcessMemory의 일부 작업만을 마쳤습니다. (0x12B)
[0620/161747.343:WARNING:pe_image_reader.cc(340)] could not read dos header from C:\WINDOWS\SYSTEM32\WINMM.dll
[0620/161747.343:ERROR:process_memory_win.cc(73)] ReadMemory at 0x7ffe16830000 of 64 bytes failed: ReadProcessMemory 또는 WriteProcessMemory의 일부 작업만을 마쳤습니다. (0x12B)
[0620/161747.343:WARNING:pe_image_reader.cc(340)] could not read dos header from C:\WINDOWS\SYSTEM32\Secur32.dll
[0620/161747.343:ERROR:process_memory_win.cc(73)] ReadMemory at 0x7ffe29290000 of 64 bytes failed: ReadProcessMemory 또는 WriteProcessMemory의 일부 작업만을 마쳤습니다. (0x12B)
[0620/161747.343:WARNING:pe_image_reader.cc(340)] could not read dos header from C:\WINDOWS\SYSTEM32\USERENV.dll
[0620/161747.343:ERROR:process_memory_win.cc(73)] ReadMemory at 0x7ffe293b0000 of 64 bytes failed: ReadProcessMemory 또는 WriteProcessMemory의 일부 작업만을 마쳤습니다. (0x12B)
[0620/161747.343:WARNING:pe_image_reader.cc(340)] could not read dos header from C:\WINDOWS\System32\profapi.dll
[0620/161747.343:ERROR:process_memory_win.cc(73)] ReadMemory at 0x7ffe054a0000 of 64 bytes failed: ReadProcessMemory 또는 WriteProcessMemory의 일부 작업만을 마쳤습니다. (0x12B)
[0620/161747.343:WARNING:pe_image_reader.cc(340)] could not read dos header from C:\WINDOWS\SYSTEM32\UIAutomationCore.DLL
[0620/161747.343:ERROR:process_memory_win.cc(73)] ReadMemory at 0x7ffe0ef00000 of 64 bytes failed: ReadProcessMemory 또는 WriteProcessMemory의 일부 작업만을 마쳤습니다. (0x12B)
[0620/161747.343:WARNING:pe_image_reader.cc(340)] could not read dos header from C:\WINDOWS\SYSTEM32\DWrite.dll
[0620/161747.343:ERROR:process_memory_win.cc(73)] ReadMemory at 0x7ffe0a310000 of 64 bytes failed: ReadProcessMemory 또는 WriteProcessMemory의 일부 작업만을 마쳤습니다. (0x12B)
[0620/161747.343:WARNING:pe_image_reader.cc(340)] could not read dos header from C:\WINDOWS\SYSTEM32\WINSPOOL.DRV
[0620/161747.343:ERROR:process_memory_win.cc(73)] ReadMemory at 0x7ffe293e0000 of 64 bytes failed: ReadProcessMemory 또는 WriteProcessMemory의 일부 작업만을 마쳤습니다. (0x12B)
[0620/161747.343:WARNING:pe_image_reader.cc(340)] could not read dos header from C:\WINDOWS\System32\kernel.appcore.dll
[0620/161747.344:ERROR:process_memory_win.cc(73)] ReadMemory at 0x7ffe29bf0000 of 64 bytes failed: ReadProcessMemory 또는 WriteProcessMemory의 일부 작업만을 마쳤습니다. (0x12B)
[0620/161747.344:WARNING:pe_image_reader.cc(340)] could not read dos header from C:\WINDOWS\System32\bcrypt.dll
[0620/161747.344:ERROR:process_memory_win.cc(73)] ReadMemory at 0x7ffe27d60000 of 64 bytes failed: ReadProcessMemory 또는 WriteProcessMemory의 일부 작업만을 마쳤습니다. (0x12B)
[0620/161747.344:WARNING:pe_image_reader.cc(340)] could not read dos header from C:\WINDOWS\SYSTEM32\dbghelp.dll
[0620/161747.344:ERROR:process_memory_win.cc(73)] ReadMemory at 0x7ffe20860000 of 64 bytes failed: ReadProcessMemory 또는 WriteProcessMemory의 일부 작업만을 마쳤습니다. (0x12B)
[0620/161747.344:WARNING:pe_image_reader.cc(340)] could not read dos header from C:\WINDOWS\SYSTEM32\WINHTTP.dll
[0620/161747.344:ERROR:process_memory_win.cc(73)] ReadMemory at 0x7ffe23a30000 of 64 bytes failed: ReadProcessMemory 또는 WriteProcessMemory의 일부 작업만을 마쳤습니다. (0x12B)
[0620/161747.344:WARNING:pe_image_reader.cc(340)] could not read dos header from C:\WINDOWS\SYSTEM32\dhcpcsvc.DLL
[0620/161747.344:ERROR:process_memory_win.cc(73)] ReadMemory at 0x7ffe2c3f0000 of 64 bytes failed: ReadProcessMemory 또는 WriteProcessMemory의 일부 작업만을 마쳤습니다. (0x12B)
[0620/161747.344:WARNING:pe_image_reader.cc(340)] could not read dos header from C:\WINDOWS\System32\NSI.dll
[0620/161747.344:ERROR:process_memory_win.cc(73)] ReadMemory at 0x7ffe21820000 of 64 bytes failed: ReadProcessMemory 또는 WriteProcessMemory의 일부 작업만을 마쳤습니다. (0x12B)
[0620/161747.344:WARNING:pe_image_reader.cc(340)] could not read dos header from C:\WINDOWS\SYSTEM32\WINMMBASE.dll
[0620/161747.344:ERROR:process_memory_win.cc(73)] ReadMemory at 0x7ffe29c20000 of 64 bytes failed: ReadProcessMemory 또는 WriteProcessMemory의 일부 작업만을 마쳤습니다. (0x12B)
[0620/161747.345:WARNING:pe_image_reader.cc(340)] could not read dos header from C:\WINDOWS\System32\cfgmgr32.dll
[0620/161747.345:ERROR:process_memory_win.cc(73)] ReadMemory at 0x7ffe259c0000 of 64 bytes failed: ReadProcessMemory 또는 WriteProcessMemory의 일부 작업만을 마쳤습니다. (0x12B)
[0620/161747.345:WARNING:pe_image_reader.cc(340)] could not read dos header from C:\WINDOWS\SYSTEM32\PROPSYS.dll
[0620/161747.345:ERROR:process_memory_win.cc(73)] ReadMemory at 0x7ffe2b970000 of 64 bytes failed: ReadProcessMemory 또는 WriteProcessMemory의 일부 작업만을 마쳤습니다. (0x12B)
[0620/161747.345:WARNING:pe_image_reader.cc(340)] could not read dos header from C:\WINDOWS\System32\shcore.dll
[0620/161747.345:ERROR:process_memory_win.cc(73)] ReadMemory at 0x7ffe292c0000 of 64 bytes failed: ReadProcessMemory 또는 WriteProcessMemory의 일부 작업만을 마쳤습니다. (0x12B)
[0620/161747.345:WARNING:pe_image_reader.cc(340)] could not read dos header from C:\WINDOWS\SYSTEM32\SSPICLI.DLL
[0620/161747.345:ERROR:process_memory_win.cc(73)] ReadMemory at 0x7ffe28d80000 of 64 bytes failed: ReadProcessMemory 또는 WriteProcessMemory의 일부 작업만을 마쳤습니다. (0x12B)
[0620/161747.345:WARNING:pe_image_reader.cc(340)] could not read dos header from C:\WINDOWS\SYSTEM32\CRYPTBASE.DLL
[0620/161747.345:ERROR:process_memory_win.cc(73)] ReadMemory at 0x7ff7cfa80000 of 64 bytes failed: ReadProcessMemory 또는 WriteProcessMemory의 일부 작업만을 마쳤습니다. (0x12B)
[0620/161747.345:WARNING:pe_image_reader.cc(340)] could not read dos header from C:\Program Files (x86)\Google\Chrome\Application\chrome.exe
[0620/161747.345:ERROR:process_memory_win.cc(73)] ReadMemory at 0x7ffe2c4e0000 of 64 bytes failed: ReadProcessMemory 또는 WriteProcessMemory의 일부 작업만을 마쳤습니다. (0x12B)
[0620/161747.345:WARNING:pe_image_reader.cc(340)] could not read dos header from C:\WINDOWS\SYSTEM32\ntdll.dll
[0620/161747.345:ERROR:process_memory_win.cc(73)] ReadMemory at 0x7ffe2ad50000 of 64 bytes failed: ReadProcessMemory 또는 WriteProcessMemory의 일부 작업만을 마쳤습니다. (0x12B)
[0620/161747.346:WARNING:pe_image_reader.cc(340)] could not read dos header from C:\WINDOWS\System32\KERNEL32.DLL
[0620/161747.346:ERROR:process_memory_win.cc(73)] ReadMemory at 0x7ffe29c70000 of 64 bytes failed: ReadProcessMemory 또는 WriteProcessMemory의 일부 작업만을 마쳤습니다. (0x12B)
[0620/161747.346:WARNING:pe_image_reader.cc(340)] could not read dos header from C:\WINDOWS\System32\KERNELBASE.dll
[0620/161747.346:ERROR:process_memory_win.cc(73)] ReadMemory at 0x7ffe10800000 of 64 bytes failed: ReadProcessMemory 또는 WriteProcessMemory의 일부 작업만을 마쳤습니다. (0x12B)
[0620/161747.346:WARNING:pe_image_reader.cc(340)] could not read dos header from C:\Program Files (x86)\Google\Chrome\Application\83.0.4103.106\chrome_elf.dll
[0620/161747.346:ERROR:process_memory_win.cc(73)] ReadMemory at 0x7ffe1a150000 of 64 bytes failed: ReadProcessMemory 또는 WriteProcessMemory의 일부 작업만을 마쳤습니다. (0x12B)
[0620/161747.346:WARNING:pe_image_reader.cc(340)] could not read dos header from C:\WINDOWS\SYSTEM32\VERSION.dll
[0620/161747.346:ERROR:process_memory_win.cc(73)] ReadMemory at 0x7ffe2b4c0000 of 64 bytes failed: ReadProcessMemory 또는 WriteProcessMemory의 일부 작업만을 마쳤습니다. (0x12B)
[0620/161747.346:WARNING:pe_image_reader.cc(340)] could not read dos header from C:\WINDOWS\System32\msvcrt.dll
[0620/161747.346:ERROR:process_memory_win.cc(73)] ReadMemory at 0x7ffe2a510000 of 64 bytes failed: ReadProcessMemory 또는 WriteProcessMemory의 일부 작업만을 마쳤습니다. (0x12B)
[0620/161747.346:WARNING:pe_image_reader.cc(340)] could not read dos header from C:\WINDOWS\System32\bcryptPrimitives.dll
[0620/161747.346:ERROR:process_memory_win.cc(73)] ReadMemory at 0x7ffe2b410000 of 64 bytes failed: ReadProcessMemory 또는 WriteProcessMemory의 일부 작업만을 마쳤습니다. (0x12B)
[0620/161747.346:WARNING:pe_image_reader.cc(340)] could not read dos header from C:\WINDOWS\System32\ADVAPI32.dll
[0620/161747.346:ERROR:process_memory_win.cc(73)] ReadMemory at 0x7ffe2a890000 of 64 bytes failed: ReadProcessMemory 또는 WriteProcessMemory의 일부 작업만을 마쳤습니다. (0x12B)
[0620/161747.346:WARNING:pe_image_reader.cc(340)] could not read dos header from C:\WINDOWS\System32\sechost.dll
[0620/161747.346:ERROR:process_memory_win.cc(73)] ReadMemory at 0x7ffe2a640000 of 64 bytes failed: ReadProcessMemory 또는 WriteProcessMemory의 일부 작업만을 마쳤습니다. (0x12B)
[0620/161747.347:WARNING:pe_image_reader.cc(340)] could not read dos header from C:\WINDOWS\System32\RPCRT4.dll
[0620/161747.347:ERROR:process_memory_win.cc(73)] ReadMemory at 0x7ffdce830000 of 64 bytes failed: ReadProcessMemory 또는 WriteProcessMemory의 일부 작업만을 마쳤습니다. (0x12B)
[0620/161747.347:WARNING:pe_image_reader.cc(340)] could not read dos header from C:\Program Files (x86)\Google\Chrome\Application\83.0.4103.106\chrome.dll
[0620/161747.347:ERROR:process_memory_win.cc(73)] ReadMemory at 0x7ffe2c400000 of 64 bytes failed: ReadProcessMemory 또는 WriteProcessMemory의 일부 작업만을 마쳤습니다. (0x12B)
[0620/161747.347:WARNING:pe_image_reader.cc(340)] could not read dos header from C:\WINDOWS\System32\WS2_32.dll
[0620/161747.347:ERROR:process_memory_win.cc(73)] ReadMemory at 0x7ffe2ba20000 of 64 bytes failed: ReadProcessMemory 또는 WriteProcessMemory의 일부 작업만을 마쳤습니다. (0x12B)
[0620/161747.347:WARNING:pe_image_reader.cc(340)] could not read dos header from C:\WINDOWS\System32\OLEAUT32.dll
[0620/161747.347:ERROR:process_memory_win.cc(73)] ReadMemory at 0x7ffe29f40000 of 64 bytes failed: ReadProcessMemory 또는 WriteProcessMemory의 일부 작업만을 마쳤습니다. (0x12B)
[0620/161747.347:WARNING:pe_image_reader.cc(340)] could not read dos header from C:\WINDOWS\System32\msvcp_win.dll
[0620/161747.347:ERROR:process_memory_win.cc(73)] ReadMemory at 0x7ffe2a1e0000 of 64 bytes failed: ReadProcessMemory 또는 WriteProcessMemory의 일부 작업만을 마쳤습니다. (0x12B)
[0620/161747.347:WARNING:pe_image_reader.cc(340)] could not read dos header from C:\WINDOWS\System32\ucrtbase.dll
[0620/161747.347:ERROR:process_memory_win.cc(73)] ReadMemory at 0x7ffe2a930000 of 64 bytes failed: ReadProcessMemory 또는 WriteProcessMemory의 일부 작업만을 마쳤습니다. (0x12B)
[0620/161747.347:WARNING:pe_image_reader.cc(340)] could not read dos header from C:\WINDOWS\System32\combase.dll
[0620/161747.347:ERROR:process_memory_win.cc(73)] ReadMemory at 0x7ffe29fe0000 of 64 bytes failed: ReadProcessMemory 또는 WriteProcessMemory의 일부 작업만을 마쳤습니다. (0x12B)
[0620/161747.347:WARNING:pe_image_reader.cc(340)] could not read dos header from C:\WINDOWS\System32\WINTRUST.dll
[0620/161747.348:ERROR:process_memory_win.cc(73)] ReadMemory at 0x7ffe29450000 of 64 bytes failed: ReadProcessMemory 또는 WriteProcessMemory의 일부 작업만을 마쳤습니다. (0x12B)
[0620/161747.348:WARNING:pe_image_reader.cc(340)] could not read dos header from C:\WINDOWS\System32\MSASN1.dll
[0620/161747.348:ERROR:process_memory_win.cc(73)] ReadMemory at 0x7ffe2a2e0000 of 64 bytes failed: ReadProcessMemory 또는 WriteProcessMemory의 일부 작업만을 마쳤습니다. (0x12B)
[0620/161747.348:WARNING:pe_image_reader.cc(340)] could not read dos header from C:\WINDOWS\System32\CRYPT32.dll
[0620/161747.348:ERROR:process_memory_win.cc(73)] ReadMemory at 0x7ffe288c0000 of 64 bytes failed: ReadProcessMemory 또는 WriteProcessMemory의 일부 작업만을 마쳤습니다. (0x12B)
[0620/161747.351:WARNING:pe_image_reader.cc(340)] could not read dos header from C:\WINDOWS\SYSTEM32\IPHLPAPI.DLL
[0620/161747.351:ERROR:process_memory_win.cc(73)] ReadMemory at 0x7ffe21850000 of 64 bytes failed: ReadProcessMemory 또는 WriteProcessMemory의 일부 작업만을 마쳤습니다. (0x12B)
[0620/161747.351:WARNING:pe_image_reader.cc(340)] could not read dos header from C:\WINDOWS\SYSTEM32\WINMM.dll
[0620/161747.352:ERROR:process_memory_win.cc(73)] ReadMemory at 0x7ffe16830000 of 64 bytes failed: ReadProcessMemory 또는 WriteProcessMemory의 일부 작업만을 마쳤습니다. (0x12B)
[0620/161747.352:WARNING:pe_image_reader.cc(340)] could not read dos header from C:\WINDOWS\SYSTEM32\Secur32.dll
[0620/161747.352:ERROR:process_memory_win.cc(73)] ReadMemory at 0x7ffe29290000 of 64 bytes failed: ReadProcessMemory 또는 WriteProcessMemory의 일부 작업만을 마쳤습니다. (0x12B)
[0620/161747.352:WARNING:pe_image_reader.cc(340)] could not read dos header from C:\WINDOWS\SYSTEM32\USERENV.dll
[0620/161747.352:ERROR:process_memory_win.cc(73)] ReadMemory at 0x7ffe293b0000 of 64 bytes failed: ReadProcessMemory 또는 WriteProcessMemory의 일부 작업만을 마쳤습니다. (0x12B)
[0620/161747.353:WARNING:pe_image_reader.cc(340)] could not read dos header from C:\WINDOWS\System32\profapi.dll
[0620/161747.353:ERROR:process_memory_win.cc(73)] ReadMemory at 0x7ffe054a0000 of 64 bytes failed: ReadProcessMemory 또는 WriteProcessMemory의 일부 작업만을 마쳤습니다. (0x12B)
[0620/161747.355:WARNING:pe_image_reader.cc(340)] could not read dos header from C:\WINDOWS\SYSTEM32\UIAutomationCore.DLL
[0620/161747.360:ERROR:process_memory_win.cc(73)] ReadMemory at 0x7ffe0ef00000 of 64 bytes failed: ReadProcessMemory 또는 WriteProcessMemory의 일부 작업만을 마쳤습니다. (0x12B)
[0620/161747.361:WARNING:pe_image_reader.cc(340)] could not read dos header from C:\WINDOWS\SYSTEM32\DWrite.dll
[0620/161747.361:ERROR:process_memory_win.cc(73)] ReadMemory at 0x7ffe0a310000 of 64 bytes failed: ReadProcessMemory 또는 WriteProcessMemory의 일부 작업만을 마쳤습니다. (0x12B)
[0620/161747.362:WARNING:pe_image_reader.cc(340)] could not read dos header from C:\WINDOWS\SYSTEM32\WINSPOOL.DRV
[0620/161747.362:ERROR:process_memory_win.cc(73)] ReadMemory at 0x7ffe293e0000 of 64 bytes failed: ReadProcessMemory 또는 WriteProcessMemory의 일부 작업만을 마쳤습니다. (0x12B)
[0620/161747.362:WARNING:pe_image_reader.cc(340)] could not read dos header from C:\WINDOWS\System32\kernel.appcore.dll
[0620/161747.362:ERROR:process_memory_win.cc(73)] ReadMemory at 0x7ffe29bf0000 of 64 bytes failed: ReadProcessMemory 또는 WriteProcessMemory의 일부 작업만을 마쳤습니다. (0x12B)
[0620/161747.362:WARNING:pe_image_reader.cc(340)] could not read dos header from C:\WINDOWS\System32\bcrypt.dll
[0620/161747.362:ERROR:process_memory_win.cc(73)] ReadMemory at 0x7ffe27d60000 of 64 bytes failed: ReadProcessMemory 또는 WriteProcessMemory의 일부 작업만을 마쳤습니다. (0x12B)
[0620/161747.362:WARNING:pe_image_reader.cc(340)] could not read dos header from C:\WINDOWS\SYSTEM32\dbghelp.dll
[0620/161747.362:ERROR:process_memory_win.cc(73)] ReadMemory at 0x7ffe20860000 of 64 bytes failed: ReadProcessMemory 또는 WriteProcessMemory의 일부 작업만을 마쳤습니다. (0x12B)
[0620/161747.362:WARNING:pe_image_reader.cc(340)] could not read dos header from C:\WINDOWS\SYSTEM32\WINHTTP.dll
[0620/161747.362:ERROR:process_memory_win.cc(73)] ReadMemory at 0x7ffe23a30000 of 64 bytes failed: ReadProcessMemory 또는 WriteProcessMemory의 일부 작업만을 마쳤습니다. (0x12B)
[0620/161747.362:WARNING:pe_image_reader.cc(340)] could not read dos header from C:\WINDOWS\SYSTEM32\dhcpcsvc.DLL
[0620/161747.362:ERROR:process_memory_win.cc(73)] ReadMemory at 0x7ffe2c3f0000 of 64 bytes failed: ReadProcessMemory 또는 WriteProcessMemory의 일부 작업만을 마쳤습니다. (0x12B)
[0620/161747.362:WARNING:pe_image_reader.cc(340)] could not read dos header from C:\WINDOWS\System32\NSI.dll
[0620/161747.363:ERROR:process_memory_win.cc(73)] ReadMemory at 0x7ffe21820000 of 64 bytes failed: ReadProcessMemory 또는 WriteProcessMemory의 일부 작업만을 마쳤습니다. (0x12B)
[0620/161747.363:WARNING:pe_image_reader.cc(340)] could not read dos header from C:\WINDOWS\SYSTEM32\WINMMBASE.dll
[0620/161747.363:ERROR:process_memory_win.cc(73)] ReadMemory at 0x7ffe29c20000 of 64 bytes failed: ReadProcessMemory 또는 WriteProcessMemory의 일부 작업만을 마쳤습니다. (0x12B)
[0620/161747.363:WARNING:pe_image_reader.cc(340)] could not read dos header from C:\WINDOWS\System32\cfgmgr32.dll
[0620/161747.363:ERROR:process_memory_win.cc(73)] ReadMemory at 0x7ffe259c0000 of 64 bytes failed: ReadProcessMemory 또는 WriteProcessMemory의 일부 작업만을 마쳤습니다. (0x12B)
[0620/161747.363:WARNING:pe_image_reader.cc(340)] could not read dos header from C:\WINDOWS\SYSTEM32\PROPSYS.dll
[0620/161747.363:ERROR:process_memory_win.cc(73)] ReadMemory at 0x7ffe2b970000 of 64 bytes failed: ReadProcessMemory 또는 WriteProcessMemory의 일부 작업만을 마쳤습니다. (0x12B)
[0620/161747.363:WARNING:pe_image_reader.cc(340)] could not read dos header from C:\WINDOWS\System32\shcore.dll
[0620/161747.363:ERROR:process_memory_win.cc(73)] ReadMemory at 0x7ffe292c0000 of 64 bytes failed: ReadProcessMemory 또는 WriteProcessMemory의 일부 작업만을 마쳤습니다. (0x12B)
[0620/161747.363:WARNING:pe_image_reader.cc(340)] could not read dos header from C:\WINDOWS\SYSTEM32\SSPICLI.DLL
[0620/161747.363:ERROR:process_memory_win.cc(73)] ReadMemory at 0x7ffe28d80000 of 64 bytes failed: ReadProcessMemory 또는 WriteProcessMemory의 일부 작업만을 마쳤습니다. (0x12B)
[0620/161747.363:WARNING:pe_image_reader.cc(340)] could not read dos header from C:\WINDOWS\SYSTEM32\CRYPTBASE.DLL
[0620/161747.427:ERROR:process_memory_win.cc(73)] ReadMemory at 0x89b0ff9000 of 28672 bytes failed: ReadProcessMemory 또는 WriteProcessMemory의 일부 작업만을 마쳤습니다. (0x12B)
[0620/161747.427:ERROR:process_memory_win.cc(73)] ReadMemory at 0x89b17fd000 of 12288 bytes failed: ReadProcessMemory 또는 WriteProcessMemory의 일부 작업만을 마쳤습니다. (0x12B)
[0620/161747.427:ERROR:process_memory_win.cc(73)] ReadMemory at 0x89b1ffd000 of 12288 bytes failed: ReadProcessMemory 또는 WriteProcessMemory의 일부 작업만을 마쳤습니다. (0x12B)
[0620/161747.428:ERROR:process_memory_win.cc(73)] ReadMemory at 0x89b07ae000 of 852 bytes failed: ReadProcessMemory 또는 WriteProcessMemory의 일부 작업만을 마쳤습니다. (0x12B)
[0620/161747.428:ERROR:process_memory_win.cc(73)] ReadMemory at 0x89b07af000 of 6024 bytes failed: ReadProcessMemory 또는 WriteProcessMemory의 일부 작업만을 마쳤습니다. (0x12B)
[0620/161747.428:ERROR:process_memory_win.cc(73)] ReadMemory at 0x89b07b1000 of 6024 bytes failed: ReadProcessMemory 또는 WriteProcessMemory의 일부 작업만을 마쳤습니다. (0x12B)
[0620/161747.428:ERROR:process_memory_win.cc(73)] ReadMemory at 0x89b07b3000 of 6024 bytes failed: ReadProcessMemory 또는 WriteProcessMemory의 일부 작업만을 마쳤습니다. (0x12B)
[0620/161747.428:ERROR:process_memory_win.cc(73)] ReadMemory at 0x285e9c60fe0 of 4816 bytes failed: ReadProcessMemory 또는 WriteProcessMemory의 일부 작업만을 마쳤습니다. (0x12B)
[0620/161747.429:ERROR:process_memory_win.cc(73)] ReadMemory at 0x285e9c622c0 of 1012 bytes failed: ReadProcessMemory 또는 WriteProcessMemory의 일부 작업만을 마쳤습니다. (0x12B)
[0620/161747.430:ERROR:process_memory_win.cc(73)] ReadMemory at 0x285e9c62908 of 118 bytes failed: ReadProcessMemory 또는 WriteProcessMemory의 일부 작업만을 마쳤습니다. (0x12B)
[0620/161747.430:ERROR:process_memory_win.cc(73)] ReadMemory at 0x285e9c62980 of 752 bytes failed: ReadProcessMemory 또는 WriteProcessMemory의 일부 작업만을 마쳤습니다. (0x12B)
[0620/161747.430:ERROR:process_memory_win.cc(73)] ReadMemory at 0x285e9c62c72 of 118 bytes failed: ReadProcessMemory 또는 WriteProcessMemory의 일부 작업만을 마쳤습니다. (0x12B)
[0620/161747.430:ERROR:process_memory_win.cc(73)] ReadMemory at 0x285e9c62cea of 102 bytes failed: ReadProcessMemory 또는 WriteProcessMemory의 일부 작업만을 마쳤습니다. (0x12B)
[0620/161747.431:ERROR:process_memory_win.cc(73)] ReadMemory at 0x285e9c62d60 of 58 bytes failed: ReadProcessMemory 또는 WriteProcessMemory의 일부 작업만을 마쳤습니다. (0x12B)
[0620/161747.431:ERROR:process_memory_win.cc(73)] ReadMemory at 0x285e9c62e60 of 132 bytes failed: ReadProcessMemory 또는 WriteProcessMemory의 일부 작업만을 마쳤습니다. (0x12B)
[0620/161747.431:ERROR:process_memory_win.cc(73)] ReadMemory at 0x285e9c62ff0 of 132 bytes failed: ReadProcessMemory 또는 WriteProcessMemory의 일부 작업만을 마쳤습니다. (0x12B)
[0620/161747.432:ERROR:process_memory_win.cc(73)] ReadMemory at 0x285e9c631b0 of 126 bytes failed: ReadProcessMemory 또는 WriteProcessMemory의 일부 작업만을 마쳤습니다. (0x12B)
[0620/161747.432:ERROR:process_memory_win.cc(73)] ReadMemory at 0x285e9c63590 of 132 bytes failed: ReadProcessMemory 또는 WriteProcessMemory의 일부 작업만을 마쳤습니다. (0x12B)
[0620/161747.434:ERROR:process_memory_win.cc(73)] ReadMemory at 0x285e9c63720 of 64 bytes failed: ReadProcessMemory 또는 WriteProcessMemory의 일부 작업만을 마쳤습니다. (0x12B)
[0620/161747.436:ERROR:process_memory_win.cc(73)] ReadMemory at 0x285e9c63770 of 132 bytes failed: ReadProcessMemory 또는 WriteProcessMemory의 일부 작업만을 마쳤습니다. (0x12B)
[0620/161747.439:ERROR:process_memory_win.cc(73)] ReadMemory at 0x285e9c638e0 of 132 bytes failed: ReadProcessMemory 또는 WriteProcessMemory의 일부 작업만을 마쳤습니다. (0x12B)
[0620/161747.439:ERROR:process_memory_win.cc(73)] ReadMemory at 0x285e9c63b80 of 132 bytes failed: ReadProcessMemory 또는 WriteProcessMemory의 일부 작업만을 마쳤습니다. (0x12B)
[0620/161747.440:ERROR:process_memory_win.cc(73)] ReadMemory at 0x285e9c63d10 of 68 bytes failed: ReadProcessMemory 또는 WriteProcessMemory의 일부 작업만을 마쳤습니다. (0x12B)
[0620/161747.440:ERROR:process_memory_win.cc(73)] ReadMemory at 0x285e9c64d80 of 132 bytes failed: ReadProcessMemory 또는 WriteProcessMemory의 일부 작업만을 마쳤습니다. (0x12B)
[0620/161747.440:ERROR:process_memory_win.cc(73)] ReadMemory at 0x285e9c64f10 of 154 bytes failed: ReadProcessMemory 또는 WriteProcessMemory의 일부 작업만을 마쳤습니다. (0x12B)
[0620/161747.441:ERROR:process_memory_win.cc(73)] ReadMemory at 0x285e9c65e1c of 512 bytes failed: ReadProcessMemory 또는 WriteProcessMemory의 일부 작업만을 마쳤습니다. (0x12B)
[0620/161747.441:ERROR:process_memory_win.cc(73)] ReadMemory at 0x285e9c66260 of 146 bytes failed: ReadProcessMemory 또는 WriteProcessMemory의 일부 작업만을 마쳤습니다. (0x12B)
[0620/161747.442:ERROR:process_memory_win.cc(73)] ReadMemory at 0x285e9c66bd0 of 62 bytes failed: ReadProcessMemory 또는 WriteProcessMemory의 일부 작업만을 마쳤습니다. (0x12B)
[0620/161747.443:ERROR:process_memory_win.cc(73)] ReadMemory at 0x285e9c66d30 of 132 bytes failed: ReadProcessMemory 또는 WriteProcessMemory의 일부 작업만을 마쳤습니다. (0x12B)
[0620/161747.451:ERROR:process_memory_win.cc(73)] ReadMemory at 0x285e9c66ec0 of 60 bytes failed: ReadProcessMemory 또는 WriteProcessMemory의 일부 작업만을 마쳤습니다. (0x12B)
[0620/161747.452:ERROR:process_memory_win.cc(73)] ReadMemory at 0x285e9c6a800 of 132 bytes failed: ReadProcessMemory 또는 WriteProcessMemory의 일부 작업만을 마쳤습니다. (0x12B)
[0620/161747.453:ERROR:process_memory_win.cc(73)] ReadMemory at 0x285e9c6a930 of 132 bytes failed: ReadProcessMemory 또는 WriteProcessMemory의 일부 작업만을 마쳤습니다. (0x12B)
[0620/161747.454:ERROR:process_memory_win.cc(73)] ReadMemory at 0x285e9c6aac0 of 80 bytes failed: ReadProcessMemory 또는 WriteProcessMemory의 일부 작업만을 마쳤습니다. (0x12B)
[0620/161747.454:ERROR:process_memory_win.cc(73)] ReadMemory at 0x285e9c6ac60 of 64 bytes failed: ReadProcessMemory 또는 WriteProcessMemory의 일부 작업만을 마쳤습니다. (0x12B)
[0620/161747.454:ERROR:process_memory_win.cc(73)] ReadMemory at 0x285e9c6acb0 of 60 bytes failed: ReadProcessMemory 또는 WriteProcessMemory의 일부 작업만을 마쳤습니다. (0x12B)
[0620/161747.454:ERROR:process_memory_win.cc(73)] ReadMemory at 0x285e9c6ad50 of 66 bytes failed: ReadProcessMemory 또는 WriteProcessMemory의 일부 작업만을 마쳤습니다. (0x12B)
[0620/161747.455:ERROR:process_memory_win.cc(73)] ReadMemory at 0x285e9c6adf0 of 64 bytes failed: ReadProcessMemory 또는 WriteProcessMemory의 일부 작업만을 마쳤습니다. (0x12B)
[0620/161747.455:ERROR:process_memory_win.cc(73)] ReadMemory at 0x285e9c6ae90 of 60 bytes failed: ReadProcessMemory 또는 WriteProcessMemory의 일부 작업만을 마쳤습니다. (0x12B)
[0620/161747.455:ERROR:process_memory_win.cc(73)] ReadMemory at 0x285e9c6aee0 of 64 bytes failed: ReadProcessMemory 또는 WriteProcessMemory의 일부 작업만을 마쳤습니다. (0x12B)
[0620/161747.457:ERROR:process_memory_win.cc(73)] ReadMemory at 0x285e9c6b0c0 of 62 bytes failed: ReadProcessMemory 또는 WriteProcessMemory의 일부 작업만을 마쳤습니다. (0x12B)
[0620/161747.458:ERROR:process_memory_win.cc(73)] ReadMemory at 0x285e9c6b160 of 64 bytes failed: ReadProcessMemory 또는 WriteProcessMemory의 일부 작업만을 마쳤습니다. (0x12B)
[0620/161747.458:ERROR:process_memory_win.cc(73)] ReadMemory at 0x285e9c6b200 of 62 bytes failed: ReadProcessMemory 또는 WriteProcessMemory의 일부 작업만을 마쳤습니다. (0x12B)
[0620/161747.459:ERROR:process_memory_win.cc(73)] ReadMemory at 0x285e9c6b820 of 132 bytes failed: ReadProcessMemory 또는 WriteProcessMemory의 일부 작업만을 마쳤습니다. (0x12B)
[0620/161747.459:ERROR:process_memory_win.cc(73)] ReadMemory at 0x285e9c6c360 of 132 bytes failed: ReadProcessMemory 또는 WriteProcessMemory의 일부 작업만을 마쳤습니다. (0x12B)
[0620/161747.459:ERROR:process_memory_win.cc(73)] ReadMemory at 0x285e9c6c490 of 132 bytes failed: ReadProcessMemory 또는 WriteProcessMemory의 일부 작업만을 마쳤습니다. (0x12B)
[0620/161747.459:ERROR:process_memory_win.cc(73)] ReadMemory at 0x285e9c6c5c0 of 132 bytes failed: ReadProcessMemory 또는 WriteProcessMemory의 일부 작업만을 마쳤습니다. (0x12B)
[0620/161747.459:ERROR:process_memory_win.cc(73)] ReadMemory at 0x285e9c6c6f0 of 132 bytes failed: ReadProcessMemory 또는 WriteProcessMemory의 일부 작업만을 마쳤습니다. (0x12B)
[0620/161747.460:ERROR:process_memory_win.cc(73)] ReadMemory at 0x285e9c6c820 of 132 bytes failed: ReadProcessMemory 또는 WriteProcessMemory의 일부 작업만을 마쳤습니다. (0x12B)
[0620/161747.460:ERROR:process_memory_win.cc(73)] ReadMemory at 0x285e9c6c950 of 132 bytes failed: ReadProcessMemory 또는 WriteProcessMemory의 일부 작업만을 마쳤습니다. (0x12B)
[0620/161747.460:ERROR:process_memory_win.cc(73)] ReadMemory at 0x285e9c6ca80 of 132 bytes failed: ReadProcessMemory 또는 WriteProcessMemory의 일부 작업만을 마쳤습니다. (0x12B)
[0620/161747.460:ERROR:process_memory_win.cc(73)] ReadMemory at 0x285e9c6cbb0 of 132 bytes failed: ReadProcessMemory 또는 WriteProcessMemory의 일부 작업만을 마쳤습니다. (0x12B)
[0620/161747.461:ERROR:process_memory_win.cc(73)] ReadMemory at 0x285e9c6cce0 of 132 bytes failed: ReadProcessMemory 또는 WriteProcessMemory의 일부 작업만을 마쳤습니다. (0x12B)
[0620/161747.461:ERROR:process_memory_win.cc(73)] ReadMemory at 0x285e9c6cf40 of 132 bytes failed: ReadProcessMemory 또는 WriteProcessMemory의 일부 작업만을 마쳤습니다. (0x12B)
[0620/161747.462:ERROR:process_memory_win.cc(73)] ReadMemory at 0x285e9c6d070 of 132 bytes failed: ReadProcessMemory 또는 WriteProcessMemory의 일부 작업만을 마쳤습니다. (0x12B)
[0620/161747.462:ERROR:process_memory_win.cc(73)] ReadMemory at 0x285e9c6d1a0 of 132 bytes failed: ReadProcessMemory 또는 WriteProcessMemory의 일부 작업만을 마쳤습니다. (0x12B)
[0620/161747.462:ERROR:process_memory_win.cc(73)] ReadMemory at 0x285e9c6e590 of 54 bytes failed: ReadProcessMemory 또는 WriteProcessMemory의 일부 작업만을 마쳤습니다. (0x12B)
[0620/161747.462:ERROR:process_memory_win.cc(73)] ReadMemory at 0x285e9c6f290 of 132 bytes failed: ReadProcessMemory 또는 WriteProcessMemory의 일부 작업만을 마쳤습니다. (0x12B)
[0620/161747.463:ERROR:process_memory_win.cc(73)] ReadMemory at 0x285e9c6f3c0 of 132 bytes failed: ReadProcessMemory 또는 WriteProcessMemory의 일부 작업만을 마쳤습니다. (0x12B)
[0620/161747.463:ERROR:process_memory_win.cc(73)] ReadMemory at 0x285e9c6fa60 of 132 bytes failed: ReadProcessMemory 또는 WriteProcessMemory의 일부 작업만을 마쳤습니다. (0x12B)
[0620/161747.463:ERROR:process_memory_win.cc(73)] ReadMemory at 0x285e9c6fdc0 of 132 bytes failed: ReadProcessMemory 또는 WriteProcessMemory의 일부 작업만을 마쳤습니다. (0x12B)
[0620/161747.463:ERROR:process_memory_win.cc(73)] ReadMemory at 0x285e9c709b0 of 132 bytes failed: ReadProcessMemory 또는 WriteProcessMemory의 일부 작업만을 마쳤습니다. (0x12B)
[0620/161747.463:ERROR:process_memory_win.cc(73)] ReadMemory at 0x285e9c72420 of 132 bytes failed: ReadProcessMemory 또는 WriteProcessMemory의 일부 작업만을 마쳤습니다. (0x12B)
[0620/161747.464:ERROR:process_memory_win.cc(73)] ReadMemory at 0x285e9c74ba0 of 80 bytes failed: ReadProcessMemory 또는 WriteProcessMemory의 일부 작업만을 마쳤습니다. (0x12B)
[0620/161747.464:ERROR:process_memory_win.cc(73)] ReadMemory at 0x285e9c74f60 of 76 bytes failed: ReadProcessMemory 또는 WriteProcessMemory의 일부 작업만을 마쳤습니다. (0x12B)
[0620/161747.464:ERROR:process_memory_win.cc(73)] ReadMemory at 0x285e9c753b0 of 62 bytes failed: ReadProcessMemory 또는 WriteProcessMemory의 일부 작업만을 마쳤습니다. (0x12B)
[0620/161747.464:ERROR:process_memory_win.cc(73)] ReadMemory at 0x285e9c75400 of 60 bytes failed: ReadProcessMemory 또는 WriteProcessMemory의 일부 작업만을 마쳤습니다. (0x12B)
[0620/161747.464:ERROR:process_memory_win.cc(73)] ReadMemory at 0x285e9c75450 of 62 bytes failed: ReadProcessMemory 또는 WriteProcessMemory의 일부 작업만을 마쳤습니다. (0x12B)
[0620/161747.465:ERROR:process_memory_win.cc(73)] ReadMemory at 0x285e9c754f0 of 62 bytes failed: ReadProcessMemory 또는 WriteProcessMemory의 일부 작업만을 마쳤습니다. (0x12B)
[0620/161747.465:ERROR:process_memory_win.cc(73)] ReadMemory at 0x285e9c75540 of 64 bytes failed: ReadProcessMemory 또는 WriteProcessMemory의 일부 작업만을 마쳤습니다. (0x12B)
[0620/161747.465:ERROR:process_memory_win.cc(73)] ReadMemory at 0x285e9c758b0 of 62 bytes failed: ReadProcessMemory 또는 WriteProcessMemory의 일부 작업만을 마쳤습니다. (0x12B)
[0620/161747.467:ERROR:process_memory_win.cc(73)] ReadMemory at 0x285e9c75950 of 62 bytes failed: ReadProcessMemory 또는 WriteProcessMemory의 일부 작업만을 마쳤습니다. (0x12B)
[0620/161747.467:ERROR:process_memory_win.cc(73)] ReadMemory at 0x285e9c75a40 of 64 bytes failed: ReadProcessMemory 또는 WriteProcessMemory의 일부 작업만을 마쳤습니다. (0x12B)
[0620/161747.468:ERROR:process_memory_win.cc(73)] ReadMemory at 0x285e9c75b80 of 62 bytes failed: ReadProcessMemory 또는 WriteProcessMemory의 일부 작업만을 마쳤습니다. (0x12B)
[0620/161747.468:ERROR:process_memory_win.cc(73)] ReadMemory at 0x285e9c75c20 of 60 bytes failed: ReadProcessMemory 또는 WriteProcessMemory의 일부 작업만을 마쳤습니다. (0x12B)
[0620/161747.468:ERROR:process_memory_win.cc(73)] ReadMemory at 0x285e9c75f40 of 58 bytes failed: ReadProcessMemory 또는 WriteProcessMemory의 일부 작업만을 마쳤습니다. (0x12B)
[0620/161747.468:ERROR:process_memory_win.cc(73)] ReadMemory at 0x285e9c75f90 of 62 bytes failed: ReadProcessMemory 또는 WriteProcessMemory의 일부 작업만을 마쳤습니다. (0x12B)
[0620/161747.469:ERROR:process_memory_win.cc(73)] ReadMemory at 0x285e9c75fe0 of 60 bytes failed: ReadProcessMemory 또는 WriteProcessMemory의 일부 작업만을 마쳤습니다. (0x12B)
[0620/161747.469:ERROR:process_memory_win.cc(73)] ReadMemory at 0x285e9c76030 of 66 bytes failed: ReadProcessMemory 또는 WriteProcessMemory의 일부 작업만을 마쳤습니다. (0x12B)
[0620/161747.469:ERROR:process_memory_win.cc(73)] ReadMemory at 0x285e9c76080 of 64 bytes failed: ReadProcessMemory 또는 WriteProcessMemory의 일부 작업만을 마쳤습니다. (0x12B)
[0620/161747.469:ERROR:process_memory_win.cc(73)] ReadMemory at 0x285e9c760d0 of 62 bytes failed: ReadProcessMemory 또는 WriteProcessMemory의 일부 작업만을 마쳤습니다. (0x12B)
[0620/161747.469:ERROR:process_memory_win.cc(73)] ReadMemory at 0x285e9c76120 of 60 bytes failed: ReadProcessMemory 또는 WriteProcessMemory의 일부 작업만을 마쳤습니다. (0x12B)
[0620/161747.469:ERROR:process_memory_win.cc(73)] ReadMemory at 0x285e9c76210 of 64 bytes failed: ReadProcessMemory 또는 WriteProcessMemory의 일부 작업만을 마쳤습니다. (0x12B)
[0620/161747.470:ERROR:process_memory_win.cc(73)] ReadMemory at 0x285e9c76c50 of 132 bytes failed: ReadProcessMemory 또는 WriteProcessMemory의 일부 작업만을 마쳤습니다. (0x12B)
[0620/161747.470:ERROR:process_memory_win.cc(73)] ReadMemory at 0x285e9c76d80 of 132 bytes failed: ReadProcessMemory 또는 WriteProcessMemory의 일부 작업만을 마쳤습니다. (0x12B)
[0620/161747.470:ERROR:process_memory_win.cc(73)] ReadMemory at 0x285e9c76eb0 of 132 bytes failed: ReadProcessMemory 또는 WriteProcessMemory의 일부 작업만을 마쳤습니다. (0x12B)
[0620/161747.470:ERROR:process_memory_win.cc(73)] ReadMemory at 0x285e9c775d0 of 132 bytes failed: ReadProcessMemory 또는 WriteProcessMemory의 일부 작업만을 마쳤습니다. (0x12B)
[0620/161747.470:ERROR:process_memory_win.cc(73)] ReadMemory at 0x285e9c77700 of 132 bytes failed: ReadProcessMemory 또는 WriteProcessMemory의 일부 작업만을 마쳤습니다. (0x12B)
[0620/161747.470:ERROR:process_memory_win.cc(73)] ReadMemory at 0x285e9c77830 of 132 bytes failed: ReadProcessMemory 또는 WriteProcessMemory의 일부 작업만을 마쳤습니다. (0x12B)
[0620/161747.470:ERROR:process_memory_win.cc(73)] ReadMemory at 0x285e9c77e20 of 132 bytes failed: ReadProcessMemory 또는 WriteProcessMemory의 일부 작업만을 마쳤습니다. (0x12B)
[0620/161747.470:ERROR:process_memory_win.cc(73)] ReadMemory at 0x285e9c78080 of 132 bytes failed: ReadProcessMemory 또는 WriteProcessMemory의 일부 작업만을 마쳤습니다. (0x12B)
[0620/161747.471:ERROR:process_memory_win.cc(73)] ReadMemory at 0x285e9c78410 of 132 bytes failed: ReadProcessMemory 또는 WriteProcessMemory의 일부 작업만을 마쳤습니다. (0x12B)
[0620/161747.471:ERROR:process_memory_win.cc(73)] ReadMemory at 0x285e9c78540 of 132 bytes failed: ReadProcessMemory 또는 WriteProcessMemory의 일부 작업만을 마쳤습니다. (0x12B)
[0620/161747.471:ERROR:process_memory_win.cc(73)] ReadMemory at 0x285ea318820 of 512 bytes failed: ReadProcessMemory 또는 WriteProcessMemory의 일부 작업만을 마쳤습니다. (0x12B)
[0620/161747.471:ERROR:process_memory_win.cc(73)] ReadMemory at 0x285ea365458 of 512 bytes failed: ReadProcessMemory 또는 WriteProcessMemory의 일부 작업만을 마쳤습니다. (0x12B)
[0620/161747.471:ERROR:process_memory_win.cc(73)] ReadMemory at 0x285ebbb87a0 of 512 bytes failed: ReadProcessMemory 또는 WriteProcessMemory의 일부 작업만을 마쳤습니다. (0x12B)
[0620/161747.471:ERROR:process_memory_win.cc(73)] ReadMemory at 0x7ffdd173071e of 553 bytes failed: ReadProcessMemory 또는 WriteProcessMemory의 일부 작업만을 마쳤습니다. (0x12B)
[0620/161747.472:ERROR:process_memory_win.cc(73)] ReadMemory at 0x7ffdd61d1490 of 512 bytes failed: ReadProcessMemory 또는 WriteProcessMemory의 일부 작업만을 마쳤습니다. (0x12B)
[0620/161747.472:ERROR:process_memory_win.cc(73)] ReadMemory at 0x7ffe29edc6e0 of 512 bytes failed: ReadProcessMemory 또는 WriteProcessMemory의 일부 작업만을 마쳤습니다. (0x12B)
[0620/161747.472:ERROR:process_memory_win.cc(73)] ReadMemory at 0x7ffe2c57c074 of 512 bytes failed: ReadProcessMemory 또는 WriteProcessMemory의 일부 작업만을 마쳤습니다. (0x12B)
[0620/161747.472:ERROR:process_memory_win.cc(73)] ReadMemory at 0x7ffe2c57c674 of 512 bytes failed: ReadProcessMemory 또는 WriteProcessMemory의 일부 작업만을 마쳤습니다. (0x12B)
[0620/161747.472:ERROR:process_memory_win.cc(73)] ReadMemory at 0x7ffe2c60c428 of 18 bytes failed: ReadProcessMemory 또는 WriteProcessMemory의 일부 작업만을 마쳤습니다. (0x12B)
[0620/161747.472:ERROR:process_memory_win.cc(73)] ReadMemory at 0x7ffe2c63f4f8 of 40 bytes failed: ReadProcessMemory 또는 WriteProcessMemory의 일부 작업만을 마쳤습니다. (0x12B)
[0620/161747.472:ERROR:process_memory_win.cc(73)] ReadMemory at 0x7ffe2c63f978 of 48 bytes failed: ReadProcessMemory 또는 WriteProcessMemory의 일부 작업만을 마쳤습니다. (0x12B)
[0620/161747.473:ERROR:process_memory_win.cc(73)] ReadMemory at 0x7ffe2c6453c0 of 64 bytes failed: ReadProcessMemory 또는 WriteProcessMemory의 일부 작업만을 마쳤습니다. (0x12B)
[0620/161747.485:ERROR:scoped_process_suspend.cc(40)] NtResumeProcess: 기존 프로세스에 액세스하려고 했습니다. (0xc000010a)
